2025-09-30 21:39:49,680 [ERROR] Clipboard copy failed: Pyperclip could not find a copy/paste mechanism for your system. For more information, please visit https://pyperclip.readthedocs.io/en/latest/index.html#not-implemented-error
On Linux, you can run `sudo apt-get install xclip`, `sudo apt-get install xselect` (on X11) or `sudo apt-get install wl-clipboard` (on Wayland) to install a copy/paste mechanism.
2025-09-30 21:39:49,733 [ERROR] Fatal error: [Errno 2] No such file or directory: 'credentials.json'
2025-09-30 21:46:03,645 [ERROR] Clipboard copy failed: Pyperclip could not find a copy/paste mechanism for your system. For more information, please visit https://pyperclip.readthedocs.io/en/latest/index.html#not-implemented-error
On Linux, you can run `sudo apt-get install xclip`, `sudo apt-get install xselect` (on X11) or `sudo apt-get install wl-clipboard` (on Wayland) to install a copy/paste mechanism.
2025-09-30 21:46:03,709 [ERROR] Fatal error: [Errno 2] No such file or directory: 'credentials.json'
2025-09-30 21:47:03,454 [ERROR] Clipboard copy failed: Pyperclip could not find a copy/paste mechanism for your system. For more information, please visit https://pyperclip.readthedocs.io/en/latest/index.html#not-implemented-error
On Linux, you can run `sudo apt-get install xclip`, `sudo apt-get install xselect` (on X11) or `sudo apt-get install wl-clipboard` (on Wayland) to install a copy/paste mechanism.
2025-09-30 21:47:03,532 [ERROR] Fatal error: [Errno 2] No such file or directory: 'credentials.json'
2025-09-30 21:48:44,277 [ERROR] Clipboard copy failed: Pyperclip could not find a copy/paste mechanism for your system. For more information, please visit https://pyperclip.readthedocs.io/en/latest/index.html#not-implemented-error
On Linux, you can run `sudo apt-get install xclip`, `sudo apt-get install xselect` (on X11) or `sudo apt-get install wl-clipboard` (on Wayland) to install a copy/paste mechanism.
2025-09-30 21:48:44,330 [ERROR] Fatal error: [Errno 2] No such file or directory: 'credentials.json'
2025-09-30 23:22:44,127 [WARNING] Applied processor reduces input query to empty string, all comparisons will have score 0. [Query: '===']
2025-09-30 23:22:44,278 [WARNING] Applied processor reduces input query to empty string, all comparisons will have score 0. [Query: '===']
2025-09-30 23:22:48,480 [WARNING] Applied processor reduces input query to empty string, all comparisons will have score 0. [Query: '===']
2025-09-30 23:22:48,602 [WARNING] Applied processor reduces input query to empty string, all comparisons will have score 0. [Query: '===']
2025-09-30 23:22:50,152 [WARNING] Applied processor reduces input query to empty string, all comparisons will have score 0. [Query: '===']
2025-09-30 23:22:50,271 [WARNING] Applied processor reduces input query to empty string, all comparisons will have score 0. [Query: '===']
2025-09-30 23:22:50,386 [WARNING] Applied processor reduces input query to empty string, all comparisons will have score 0. [Query: '-']
2025-09-30 23:22:52,824 [WARNING] Applied processor reduces input query to empty string, all comparisons will have score 0. [Query: '→']
2025-09-30 23:22:52,941 [WARNING] Applied processor reduces input query to empty string, all comparisons will have score 0. [Query: '-']
2025-09-30 23:22:55,265 [WARNING] Applied processor reduces input query to empty string, all comparisons will have score 0. [Query: '→']
2025-09-30 23:22:55,381 [WARNING] Applied processor reduces input query to empty string, all comparisons will have score 0. [Query: '-']
2025-09-30 23:22:57,033 [WARNING] Applied processor reduces input query to empty string, all comparisons will have score 0. [Query: '→']
2025-09-30 23:22:57,161 [WARNING] Applied processor reduces input query to empty string, all comparisons will have score 0. [Query: '-']
2025-09-30 23:22:58,679 [WARNING] Applied processor reduces input query to empty string, all comparisons will have score 0. [Query: '→']
2025-09-30 23:22:58,834 [WARNING] Applied processor reduces input query to empty string, all comparisons will have score 0. [Query: '-']
2025-09-30 23:23:01,642 [WARNING] Applied processor reduces input query to empty string, all comparisons will have score 0. [Query: '→']
2025-09-30 23:23:01,766 [WARNING] Applied processor reduces input query to empty string, all comparisons will have score 0. [Query: '-']
2025-09-30 23:23:02,964 [WARNING] Applied processor reduces input query to empty string, all comparisons will have score 0. [Query: '→']
2025-09-30 23:23:03,096 [WARNING] Applied processor reduces input query to empty string, all comparisons will have score 0. [Query: '-']
2025-09-30 23:23:04,444 [WARNING] Applied processor reduces input query to empty string, all comparisons will have score 0. [Query: '→']
2025-09-30 23:23:06,165 [WARNING] Applied processor reduces input query to empty string, all comparisons will have score 0. [Query: '===']
2025-09-30 23:23:06,411 [WARNING] Applied processor reduces input query to empty string, all comparisons will have score 0. [Query: '===']
2025-09-30 23:23:06,521 [WARNING] Applied processor reduces input query to empty string, all comparisons will have score 0. [Query: '{']
2025-09-30 23:23:16,413 [WARNING] Applied processor reduces input query to empty string, all comparisons will have score 0. [Query: '{']
2025-09-30 23:23:28,275 [WARNING] Applied processor reduces input query to empty string, all comparisons will have score 0. [Query: '}']
2025-09-30 23:23:28,394 [WARNING] Applied processor reduces input query to empty string, all comparisons will have score 0. [Query: '}']
2025-09-30 23:23:28,538 [ERROR] Fatal error: name 'HAS_CLIP' is not defined
2025-09-30 23:32:46,217 [WARNING] Applied processor reduces input query to empty string, all comparisons will have score 0. [Query: '===']
2025-09-30 23:32:46,348 [WARNING] Applied processor reduces input query to empty string, all comparisons will have score 0. [Query: '===']
2025-09-30 23:32:50,567 [WARNING] Applied processor reduces input query to empty string, all comparisons will have score 0. [Query: '===']
2025-09-30 23:32:50,698 [WARNING] Applied processor reduces input query to empty string, all comparisons will have score 0. [Query: '===']
2025-09-30 23:32:52,461 [WARNING] Applied processor reduces input query to empty string, all comparisons will have score 0. [Query: '===']
2025-09-30 23:32:52,636 [WARNING] Applied processor reduces input query to empty string, all comparisons will have score 0. [Query: '===']
2025-09-30 23:32:52,822 [WARNING] Applied processor reduces input query to empty string, all comparisons will have score 0. [Query: '-']
2025-09-30 23:32:55,192 [WARNING] Applied processor reduces input query to empty string, all comparisons will have score 0. [Query: '→']
2025-09-30 23:32:55,316 [WARNING] Applied processor reduces input query to empty string, all comparisons will have score 0. [Query: '-']
2025-09-30 23:32:57,997 [WARNING] Applied processor reduces input query to empty string, all comparisons will have score 0. [Query: '→']
2025-09-30 23:32:58,149 [WARNING] Applied processor reduces input query to empty string, all comparisons will have score 0. [Query: '-']
2025-09-30 23:32:59,722 [WARNING] Applied processor reduces input query to empty string, all comparisons will have score 0. [Query: '→']
2025-09-30 23:32:59,854 [WARNING] Applied processor reduces input query to empty string, all comparisons will have score 0. [Query: '-']
2025-09-30 23:33:01,324 [WARNING] Applied processor reduces input query to empty string, all comparisons will have score 0. [Query: '→']
2025-09-30 23:33:01,447 [WARNING] Applied processor reduces input query to empty string, all comparisons will have score 0. [Query: '-']
2025-09-30 23:33:04,496 [WARNING] Applied processor reduces input query to empty string, all comparisons will have score 0. [Query: '→']
2025-09-30 23:33:04,623 [WARNING] Applied processor reduces input query to empty string, all comparisons will have score 0. [Query: '-']
2025-09-30 23:33:05,852 [WARNING] Applied processor reduces input query to empty string, all comparisons will have score 0. [Query: '→']
2025-09-30 23:33:05,982 [WARNING] Applied processor reduces input query to empty string, all comparisons will have score 0. [Query: '-']
2025-09-30 23:33:07,579 [WARNING] Applied processor reduces input query to empty string, all comparisons will have score 0. [Query: '→']
2025-09-30 23:33:09,412 [WARNING] Applied processor reduces input query to empty string, all comparisons will have score 0. [Query: '===']
2025-09-30 23:33:09,540 [WARNING] Applied processor reduces input query to empty string, all comparisons will have score 0. [Query: '===']
2025-09-30 23:33:09,658 [WARNING] Applied processor reduces input query to empty string, all comparisons will have score 0. [Query: '{']
2025-09-30 23:33:20,156 [WARNING] Applied processor reduces input query to empty string, all comparisons will have score 0. [Query: '{']
2025-09-30 23:33:32,586 [WARNING] Applied processor reduces input query to empty string, all comparisons will have score 0. [Query: '}']
2025-09-30 23:33:32,714 [WARNING] Applied processor reduces input query to empty string, all comparisons will have score 0. [Query: '}']
2025-09-30 23:33:33,003 [ERROR] Fatal error: [Errno 2] No such file or directory: 'credentials.json'
2025-10-03 20:32:11,266 [WARNING] Applied processor reduces input query to empty string, all comparisons will have score 0. [Query: '===']
2025-10-03 20:32:11,452 [WARNING] Applied processor reduces input query to empty string, all comparisons will have score 0. [Query: '===']
2025-10-03 20:32:15,839 [WARNING] Applied processor reduces input query to empty string, all comparisons will have score 0. [Query: '===']
2025-10-03 20:32:15,961 [WARNING] Applied processor reduces input query to empty string, all comparisons will have score 0. [Query: '===']
2025-10-03 20:32:17,654 [WARNING] Applied processor reduces input query to empty string, all comparisons will have score 0. [Query: '===']
2025-10-03 20:32:17,802 [WARNING] Applied processor reduces input query to empty string, all comparisons will have score 0. [Query: '===']
2025-10-03 20:32:17,939 [WARNING] Applied processor reduces input query to empty string, all comparisons will have score 0. [Query: '-']
2025-10-03 20:32:20,399 [WARNING] Applied processor reduces input query to empty string, all comparisons will have score 0. [Query: '→']
2025-10-03 20:32:20,521 [WARNING] Applied processor reduces input query to empty string, all comparisons will have score 0. [Query: '-']
2025-10-03 20:32:22,969 [WARNING] Applied processor reduces input query to empty string, all comparisons will have score 0. [Query: '→']
2025-10-03 20:32:23,104 [WARNING] Applied processor reduces input query to empty string, all comparisons will have score 0. [Query: '-']
2025-10-03 20:32:24,506 [WARNING] Applied processor reduces input query to empty string, all comparisons will have score 0. [Query: '→']
2025-10-03 20:32:24,632 [WARNING] Applied processor reduces input query to empty string, all comparisons will have score 0. [Query: '-']
2025-10-03 20:32:26,282 [WARNING] Applied processor reduces input query to empty string, all comparisons will have score 0. [Query: '→']
2025-10-03 20:32:26,401 [WARNING] Applied processor reduces input query to empty string, all comparisons will have score 0. [Query: '-']
2025-10-03 20:32:29,367 [WARNING] Applied processor reduces input query to empty string, all comparisons will have score 0. [Query: '→']
2025-10-03 20:32:29,483 [WARNING] Applied processor reduces input query to empty string, all comparisons will have score 0. [Query: '-']
2025-10-03 20:32:30,615 [WARNING] Applied processor reduces input query to empty string, all comparisons will have score 0. [Query: '→']
2025-10-03 20:32:30,733 [WARNING] Applied processor reduces input query to empty string, all comparisons will have score 0. [Query: '-']
2025-10-03 20:32:32,212 [WARNING] Applied processor reduces input query to empty string, all comparisons will have score 0. [Query: '→']
2025-10-03 20:32:33,927 [WARNING] Applied processor reduces input query to empty string, all comparisons will have score 0. [Query: '===']
2025-10-03 20:32:34,044 [WARNING] Applied processor reduces input query to empty string, all comparisons will have score 0. [Query: '===']
2025-10-03 20:32:34,156 [WARNING] Applied processor reduces input query to empty string, all comparisons will have score 0. [Query: '{']
2025-10-03 20:32:44,626 [WARNING] Applied processor reduces input query to empty string, all comparisons will have score 0. [Query: '{']
2025-10-03 20:32:57,033 [WARNING] Applied processor reduces input query to empty string, all comparisons will have score 0. [Query: '}']
2025-10-03 20:32:57,150 [WARNING] Applied processor reduces input query to empty string, all comparisons will have score 0. [Query: '}']
2025-10-03 20:32:57,398 [ERROR] Fatal error: [Errno 2] No such file or directory: 'credentials.json'
2025-10-03 20:59:25,774 [WARNING] Applied processor reduces input query to empty string, all comparisons will have score 0. [Query: '===']
2025-10-03 20:59:25,893 [WARNING] Applied processor reduces input query to empty string, all comparisons will have score 0. [Query: '===']
2025-10-03 20:59:29,941 [WARNING] Applied processor reduces input query to empty string, all comparisons will have score 0. [Query: '===']
2025-10-03 20:59:30,054 [WARNING] Applied processor reduces input query to empty string, all comparisons will have score 0. [Query: '===']
2025-10-03 20:59:31,790 [WARNING] Applied processor reduces input query to empty string, all comparisons will have score 0. [Query: '===']
2025-10-03 20:59:31,999 [WARNING] Applied processor reduces input query to empty string, all comparisons will have score 0. [Query: '===']
2025-10-03 20:59:32,110 [WARNING] Applied processor reduces input query to empty string, all comparisons will have score 0. [Query: '-']
2025-10-03 20:59:34,490 [WARNING] Applied processor reduces input query to empty string, all comparisons will have score 0. [Query: '→']
2025-10-03 20:59:34,612 [WARNING] Applied processor reduces input query to empty string, all comparisons will have score 0. [Query: '-']
2025-10-03 20:59:36,943 [WARNING] Applied processor reduces input query to empty string, all comparisons will have score 0. [Query: '→']
2025-10-03 20:59:37,090 [WARNING] Applied processor reduces input query to empty string, all comparisons will have score 0. [Query: '-']
2025-10-03 20:59:38,606 [WARNING] Applied processor reduces input query to empty string, all comparisons will have score 0. [Query: '→']
2025-10-03 20:59:38,728 [WARNING] Applied processor reduces input query to empty string, all comparisons will have score 0. [Query: '-']
2025-10-03 20:59:40,121 [WARNING] Applied processor reduces input query to empty string, all comparisons will have score 0. [Query: '→']
2025-10-03 20:59:40,241 [WARNING] Applied processor reduces input query to empty string, all comparisons will have score 0. [Query: '-']
2025-10-03 20:59:43,297 [WARNING] Applied processor reduces input query to empty string, all comparisons will have score 0. [Query: '→']
2025-10-03 20:59:43,413 [WARNING] Applied processor reduces input query to empty string, all comparisons will have score 0. [Query: '-']
2025-10-03 20:59:44,580 [WARNING] Applied processor reduces input query to empty string, all comparisons will have score 0. [Query: '→']
2025-10-03 20:59:44,696 [WARNING] Applied processor reduces input query to empty string, all comparisons will have score 0. [Query: '-']
2025-10-03 20:59:46,017 [WARNING] Applied processor reduces input query to empty string, all comparisons will have score 0. [Query: '→']
2025-10-03 20:59:47,676 [WARNING] Applied processor reduces input query to empty string, all comparisons will have score 0. [Query: '===']
2025-10-03 20:59:47,827 [WARNING] Applied processor reduces input query to empty string, all comparisons will have score 0. [Query: '===']
2025-10-03 20:59:47,987 [WARNING] Applied processor reduces input query to empty string, all comparisons will have score 0. [Query: '{']
2025-10-03 20:59:58,046 [WARNING] Applied processor reduces input query to empty string, all comparisons will have score 0. [Query: '{']
2025-10-03 21:00:10,057 [WARNING] Applied processor reduces input query to empty string, all comparisons will have score 0. [Query: '}']
2025-10-03 21:00:10,190 [WARNING] Applied processor reduces input query to empty string, all comparisons will have score 0. [Query: '}']
2025-10-03 21:00:10,364 [ERROR] Clipboard copy failed: Pyperclip could not find a copy/paste mechanism for your system. For more information, please visit https://pyperclip.readthedocs.io/en/latest/index.html#not-implemented-error
On Linux, you can run `sudo apt-get install xclip`, `sudo apt-get install xselect` (on X11) or `sudo apt-get install wl-clipboard` (on Wayland) to install a copy/paste mechanism.
2025-10-03 21:07:22,400 [WARNING] Applied processor reduces input query to empty string, all comparisons will have score 0. [Query: '===']
2025-10-03 21:07:22,525 [WARNING] Applied processor reduces input query to empty string, all comparisons will have score 0. [Query: '===']
2025-10-03 21:07:26,568 [WARNING] Applied processor reduces input query to empty string, all comparisons will have score 0. [Query: '===']
2025-10-03 21:07:26,687 [WARNING] Applied processor reduces input query to empty string, all comparisons will have score 0. [Query: '===']
2025-10-03 21:07:28,412 [WARNING] Applied processor reduces input query to empty string, all comparisons will have score 0. [Query: '===']
2025-10-03 21:07:28,527 [WARNING] Applied processor reduces input query to empty string, all comparisons will have score 0. [Query: '===']
2025-10-03 21:07:28,637 [WARNING] Applied processor reduces input query to empty string, all comparisons will have score 0. [Query: '-']
2025-10-03 21:07:31,092 [WARNING] Applied processor reduces input query to empty string, all comparisons will have score 0. [Query: '→']
2025-10-03 21:07:31,209 [WARNING] Applied processor reduces input query to empty string, all comparisons will have score 0. [Query: '-']
2025-10-03 21:07:33,680 [WARNING] Applied processor reduces input query to empty string, all comparisons will have score 0. [Query: '→']
2025-10-03 21:07:33,796 [WARNING] Applied processor reduces input query to empty string, all comparisons will have score 0. [Query: '-']
2025-10-03 21:07:35,234 [WARNING] Applied processor reduces input query to empty string, all comparisons will have score 0. [Query: '→']
2025-10-03 21:07:35,350 [WARNING] Applied processor reduces input query to empty string, all comparisons will have score 0. [Query: '-']
2025-10-03 21:07:36,720 [WARNING] Applied processor reduces input query to empty string, all comparisons will have score 0. [Query: '→']
2025-10-03 21:07:36,836 [WARNING] Applied processor reduces input query to empty string, all comparisons will have score 0. [Query: '-']
2025-10-03 21:07:39,877 [WARNING] Applied processor reduces input query to empty string, all comparisons will have score 0. [Query: '→']
2025-10-03 21:07:39,999 [WARNING] Applied processor reduces input query to empty string, all comparisons will have score 0. [Query: '-']
2025-10-03 21:07:41,233 [WARNING] Applied processor reduces input query to empty string, all comparisons will have score 0. [Query: '→']
2025-10-03 21:07:41,350 [WARNING] Applied processor reduces input query to empty string, all comparisons will have score 0. [Query: '-']
2025-10-03 21:07:42,734 [WARNING] Applied processor reduces input query to empty string, all comparisons will have score 0. [Query: '→']
2025-10-03 21:07:44,516 [WARNING] Applied processor reduces input query to empty string, all comparisons will have score 0. [Query: '===']
2025-10-03 21:07:44,632 [WARNING] Applied processor reduces input query to empty string, all comparisons will have score 0. [Query: '===']
2025-10-03 21:07:44,742 [WARNING] Applied processor reduces input query to empty string, all comparisons will have score 0. [Query: '{']
2025-10-03 21:07:54,971 [WARNING] Applied processor reduces input query to empty string, all comparisons will have score 0. [Query: '{']
2025-10-03 21:08:07,007 [WARNING] Applied processor reduces input query to empty string, all comparisons will have score 0. [Query: '}']
2025-10-03 21:08:07,124 [WARNING] Applied processor reduces input query to empty string, all comparisons will have score 0. [Query: '}']
2025-10-03 21:08:07,262 [ERROR] Clipboard copy failed: Pyperclip could not find a copy/paste mechanism for your system. For more information, please visit https://pyperclip.readthedocs.io/en/latest/index.html#not-implemented-error
On Linux, you can run `sudo apt-get install xclip`, `sudo apt-get install xselect` (on X11) or `sudo apt-get install wl-clipboard` (on Wayland) to install a copy/paste mechanism.
2025-10-03 21:16:57,819 [WARNING] Applied processor reduces input query to empty string, all comparisons will have score 0. [Query: '===']
2025-10-03 21:16:57,950 [WARNING] Applied processor reduces input query to empty string, all comparisons will have score 0. [Query: '===']
2025-10-03 21:17:02,217 [WARNING] Applied processor reduces input query to empty string, all comparisons will have score 0. [Query: '===']
2025-10-03 21:17:02,335 [WARNING] Applied processor reduces input query to empty string, all comparisons will have score 0. [Query: '===']
2025-10-03 21:17:03,959 [WARNING] Applied processor reduces input query to empty string, all comparisons will have score 0. [Query: '===']
2025-10-03 21:17:04,112 [WARNING] Applied processor reduces input query to empty string, all comparisons will have score 0. [Query: '===']
2025-10-03 21:17:04,257 [WARNING] Applied processor reduces input query to empty string, all comparisons will have score 0. [Query: '-']
2025-10-03 21:17:06,766 [WARNING] Applied processor reduces input query to empty string, all comparisons will have score 0. [Query: '→']
2025-10-03 21:17:06,887 [WARNING] Applied processor reduces input query to empty string, all comparisons will have score 0. [Query: '-']
2025-10-03 21:17:09,263 [WARNING] Applied processor reduces input query to empty string, all comparisons will have score 0. [Query: '→']
2025-10-03 21:17:09,463 [WARNING] Applied processor reduces input query to empty string, all comparisons will have score 0. [Query: '-']
2025-10-03 21:17:11,137 [WARNING] Applied processor reduces input query to empty string, all comparisons will have score 0. [Query: '→']
2025-10-03 21:17:11,256 [WARNING] Applied processor reduces input query to empty string, all comparisons will have score 0. [Query: '-']
2025-10-03 21:17:12,653 [WARNING] Applied processor reduces input query to empty string, all comparisons will have score 0. [Query: '→']
2025-10-03 21:17:12,769 [WARNING] Applied processor reduces input query to empty string, all comparisons will have score 0. [Query: '-']
2025-10-03 21:17:15,746 [WARNING] Applied processor reduces input query to empty string, all comparisons will have score 0. [Query: '→']
2025-10-03 21:17:15,931 [WARNING] Applied processor reduces input query to empty string, all comparisons will have score 0. [Query: '-']
2025-10-03 21:17:17,150 [WARNING] Applied processor reduces input query to empty string, all comparisons will have score 0. [Query: '→']
2025-10-03 21:17:17,270 [WARNING] Applied processor reduces input query to empty string, all comparisons will have score 0. [Query: '-']
2025-10-03 21:17:18,649 [WARNING] Applied processor reduces input query to empty string, all comparisons will have score 0. [Query: '→']
2025-10-03 21:17:20,522 [WARNING] Applied processor reduces input query to empty string, all comparisons will have score 0. [Query: '===']
2025-10-03 21:17:20,639 [WARNING] Applied processor reduces input query to empty string, all comparisons will have score 0. [Query: '===']
2025-10-03 21:17:20,792 [WARNING] Applied processor reduces input query to empty string, all comparisons will have score 0. [Query: '{']
2025-10-03 21:17:31,245 [WARNING] Applied processor reduces input query to empty string, all comparisons will have score 0. [Query: '{']
2025-10-03 21:17:43,395 [WARNING] Applied processor reduces input query to empty string, all comparisons will have score 0. [Query: '}']
2025-10-03 21:17:43,584 [WARNING] Applied processor reduces input query to empty string, all comparisons will have score 0. [Query: '}']
2025-10-03 21:17:43,725 [ERROR] Clipboard copy failed: Pyperclip could not find a copy/paste mechanism for your system. For more information, please visit https://pyperclip.readthedocs.io/en/latest/index.html#not-implemented-error
On Linux, you can run `sudo apt-get install xclip`, `sudo apt-get install xselect` (on X11) or `sudo apt-get install wl-clipboard` (on Wayland) to install a copy/paste mechanism.
2025-10-03 21:17:43,831 [ERROR] Fatal error: 'InstalledAppFlow' object has no attribute 'run_console'
2025-10-03 21:32:24,548 [WARNING] Applied processor reduces input query to empty string, all comparisons will have score 0. [Query: '===']
2025-10-03 21:32:24,679 [WARNING] Applied processor reduces input query to empty string, all comparisons will have score 0. [Query: '===']
2025-10-03 21:32:28,964 [WARNING] Applied processor reduces input query to empty string, all comparisons will have score 0. [Query: '===']
2025-10-03 21:32:29,080 [WARNING] Applied processor reduces input query to empty string, all comparisons will have score 0. [Query: '===']
2025-10-03 21:32:30,740 [WARNING] Applied processor reduces input query to empty string, all comparisons will have score 0. [Query: '===']
2025-10-03 21:32:30,856 [WARNING] Applied processor reduces input query to empty string, all comparisons will have score 0. [Query: '===']
2025-10-03 21:32:31,007 [WARNING] Applied processor reduces input query to empty string, all comparisons will have score 0. [Query: '-']
2025-10-03 21:32:33,431 [WARNING] Applied processor reduces input query to empty string, all comparisons will have score 0. [Query: '→']
2025-10-03 21:32:33,551 [WARNING] Applied processor reduces input query to empty string, all comparisons will have score 0. [Query: '-']
2025-10-03 21:32:36,112 [WARNING] Applied processor reduces input query to empty string, all comparisons will have score 0. [Query: '→']
2025-10-03 21:32:36,270 [WARNING] Applied processor reduces input query to empty string, all comparisons will have score 0. [Query: '-']
2025-10-03 21:32:37,786 [WARNING] Applied processor reduces input query to empty string, all comparisons will have score 0. [Query: '→']
2025-10-03 21:32:37,916 [WARNING] Applied processor reduces input query to empty string, all comparisons will have score 0. [Query: '-']
2025-10-03 21:32:39,405 [WARNING] Applied processor reduces input query to empty string, all comparisons will have score 0. [Query: '→']
2025-10-03 21:32:39,520 [WARNING] Applied processor reduces input query to empty string, all comparisons will have score 0. [Query: '-']
2025-10-03 21:32:42,458 [WARNING] Applied processor reduces input query to empty string, all comparisons will have score 0. [Query: '→']
2025-10-03 21:32:42,576 [WARNING] Applied processor reduces input query to empty string, all comparisons will have score 0. [Query: '-']
2025-10-03 21:32:43,820 [WARNING] Applied processor reduces input query to empty string, all comparisons will have score 0. [Query: '→']
2025-10-03 21:32:43,940 [WARNING] Applied processor reduces input query to empty string, all comparisons will have score 0. [Query: '-']
2025-10-03 21:32:45,466 [WARNING] Applied processor reduces input query to empty string, all comparisons will have score 0. [Query: '→']
2025-10-03 21:32:47,233 [WARNING] Applied processor reduces input query to empty string, all comparisons will have score 0. [Query: '===']
2025-10-03 21:32:47,349 [WARNING] Applied processor reduces input query to empty string, all comparisons will have score 0. [Query: '===']
2025-10-03 21:32:47,461 [WARNING] Applied processor reduces input query to empty string, all comparisons will have score 0. [Query: '{']
2025-10-03 21:32:57,976 [WARNING] Applied processor reduces input query to empty string, all comparisons will have score 0. [Query: '{']
2025-10-03 21:33:10,353 [WARNING] Applied processor reduces input query to empty string, all comparisons will have score 0. [Query: '}']
2025-10-03 21:33:10,468 [WARNING] Applied processor reduces input query to empty string, all comparisons will have score 0. [Query: '}']
2025-10-03 21:33:10,617 [ERROR] Clipboard copy failed: Pyperclip could not find a copy/paste mechanism for your system. For more information, please visit https://pyperclip.readthedocs.io/en/latest/index.html#not-implemented-error
On Linux, you can run `sudo apt-get install xclip`, `sudo apt-get install xselect` (on X11) or `sudo apt-get install wl-clipboard` (on Wayland) to install a copy/paste mechanism.
2025-10-05 20:38:31,411 [WARNING] Applied processor reduces input query to empty string, all comparisons will have score 0. [Query: '===']
2025-10-05 20:38:31,539 [WARNING] Applied processor reduces input query to empty string, all comparisons will have score 0. [Query: '===']
2025-10-05 20:38:35,787 [WARNING] Applied processor reduces input query to empty string, all comparisons will have score 0. [Query: '===']
2025-10-05 20:38:35,898 [WARNING] Applied processor reduces input query to empty string, all comparisons will have score 0. [Query: '===']
2025-10-05 20:38:37,602 [WARNING] Applied processor reduces input query to empty string, all comparisons will have score 0. [Query: '===']
2025-10-05 20:38:37,715 [WARNING] Applied processor reduces input query to empty string, all comparisons will have score 0. [Query: '===']
2025-10-05 20:38:37,912 [WARNING] Applied processor reduces input query to empty string, all comparisons will have score 0. [Query: '-']
2025-10-05 20:38:40,235 [WARNING] Applied processor reduces input query to empty string, all comparisons will have score 0. [Query: '→']
2025-10-05 20:38:40,354 [WARNING] Applied processor reduces input query to empty string, all comparisons will have score 0. [Query: '-']
2025-10-05 20:38:42,734 [WARNING] Applied processor reduces input query to empty string, all comparisons will have score 0. [Query: '→']
2025-10-05 20:38:42,855 [WARNING] Applied processor reduces input query to empty string, all comparisons will have score 0. [Query: '-']
2025-10-05 20:38:44,536 [WARNING] Applied processor reduces input query to empty string, all comparisons will have score 0. [Query: '→']
2025-10-05 20:38:44,653 [WARNING] Applied processor reduces input query to empty string, all comparisons will have score 0. [Query: '-']
2025-10-05 20:38:46,191 [WARNING] Applied processor reduces input query to empty string, all comparisons will have score 0. [Query: '→']
2025-10-05 20:38:46,327 [WARNING] Applied processor reduces input query to empty string, all comparisons will have score 0. [Query: '-']
2025-10-05 20:38:49,493 [WARNING] Applied processor reduces input query to empty string, all comparisons will have score 0. [Query: '→']
2025-10-05 20:38:49,625 [WARNING] Applied processor reduces input query to empty string, all comparisons will have score 0. [Query: '-']
2025-10-05 20:38:50,752 [WARNING] Applied processor reduces input query to empty string, all comparisons will have score 0. [Query: '→']
2025-10-05 20:38:50,869 [WARNING] Applied processor reduces input query to empty string, all comparisons will have score 0. [Query: '-']
2025-10-05 20:38:52,293 [WARNING] Applied processor reduces input query to empty string, all comparisons will have score 0. [Query: '→']
2025-10-05 20:38:54,155 [WARNING] Applied processor reduces input query to empty string, all comparisons will have score 0. [Query: '===']
2025-10-05 20:38:54,274 [WARNING] Applied processor reduces input query to empty string, all comparisons will have score 0. [Query: '===']
2025-10-05 20:38:54,386 [WARNING] Applied processor reduces input query to empty string, all comparisons will have score 0. [Query: '{']
2025-10-05 20:39:04,690 [WARNING] Applied processor reduces input query to empty string, all comparisons will have score 0. [Query: '{']
2025-10-05 20:39:16,832 [WARNING] Applied processor reduces input query to empty string, all comparisons will have score 0. [Query: '}']
2025-10-05 20:39:16,964 [WARNING] Applied processor reduces input query to empty string, all comparisons will have score 0. [Query: '}']
2025-10-05 20:39:17,156 [ERROR] Clipboard copy failed: Pyperclip could not find a copy/paste mechanism for your system. For more information, please visit https://pyperclip.readthedocs.io/en/latest/index.html#not-implemented-error
On Linux, you can run `sudo apt-get install xclip`, `sudo apt-get install xselect` (on X11) or `sudo apt-get install wl-clipboard` (on Wayland) to install a copy/paste mechanism.
2025-10-05 21:53:52,793 [WARNING] Applied processor reduces input query to empty string, all comparisons will have score 0. [Query: '===']
2025-10-05 21:53:52,914 [WARNING] Applied processor reduces input query to empty string, all comparisons will have score 0. [Query: '===']
2025-10-05 21:53:56,936 [WARNING] Applied processor reduces input query to empty string, all comparisons will have score 0. [Query: '===']
2025-10-05 21:53:57,050 [WARNING] Applied processor reduces input query to empty string, all comparisons will have score 0. [Query: '===']
2025-10-05 21:53:58,823 [WARNING] Applied processor reduces input query to empty string, all comparisons will have score 0. [Query: '===']
2025-10-05 21:53:58,941 [WARNING] Applied processor reduces input query to empty string, all comparisons will have score 0. [Query: '===']
2025-10-05 21:53:59,050 [WARNING] Applied processor reduces input query to empty string, all comparisons will have score 0. [Query: '-']
2025-10-05 21:54:01,313 [WARNING] Applied processor reduces input query to empty string, all comparisons will have score 0. [Query: '→']
2025-10-05 21:54:01,428 [WARNING] Applied processor reduces input query to empty string, all comparisons will have score 0. [Query: '-']
2025-10-05 21:54:03,813 [WARNING] Applied processor reduces input query to empty string, all comparisons will have score 0. [Query: '→']
2025-10-05 21:54:03,930 [WARNING] Applied processor reduces input query to empty string, all comparisons will have score 0. [Query: '-']
2025-10-05 21:54:05,359 [WARNING] Applied processor reduces input query to empty string, all comparisons will have score 0. [Query: '→']
2025-10-05 21:54:05,474 [WARNING] Applied processor reduces input query to empty string, all comparisons will have score 0. [Query: '-']
2025-10-05 21:54:06,964 [WARNING] Applied processor reduces input query to empty string, all comparisons will have score 0. [Query: '→']
2025-10-05 21:54:07,079 [WARNING] Applied processor reduces input query to empty string, all comparisons will have score 0. [Query: '-']
2025-10-05 21:54:10,010 [WARNING] Applied processor reduces input query to empty string, all comparisons will have score 0. [Query: '→']
2025-10-05 21:54:10,127 [WARNING] Applied processor reduces input query to empty string, all comparisons will have score 0. [Query: '-']
2025-10-05 21:54:11,243 [WARNING] Applied processor reduces input query to empty string, all comparisons will have score 0. [Query: '→']
2025-10-05 21:54:11,355 [WARNING] Applied processor reduces input query to empty string, all comparisons will have score 0. [Query: '-']
2025-10-05 21:54:12,626 [WARNING] Applied processor reduces input query to empty string, all comparisons will have score 0. [Query: '→']
2025-10-05 21:54:14,282 [WARNING] Applied processor reduces input query to empty string, all comparisons will have score 0. [Query: '===']
2025-10-05 21:54:14,434 [WARNING] Applied processor reduces input query to empty string, all comparisons will have score 0. [Query: '===']
2025-10-05 21:54:14,587 [WARNING] Applied processor reduces input query to empty string, all comparisons will have score 0. [Query: '{']
2025-10-05 21:54:24,588 [WARNING] Applied processor reduces input query to empty string, all comparisons will have score 0. [Query: '{']
2025-10-05 21:54:36,348 [WARNING] Applied processor reduces input query to empty string, all comparisons will have score 0. [Query: '}']
2025-10-05 21:54:36,459 [WARNING] Applied processor reduces input query to empty string, all comparisons will have score 0. [Query: '}']
2025-10-05 21:54:36,638 [ERROR] Clipboard copy failed: Pyperclip could not find a copy/paste mechanism for your system. For more information, please visit https://pyperclip.readthedocs.io/en/latest/index.html#not-implemented-error
On Linux, you can run `sudo apt-get install xclip`, `sudo apt-get install xselect` (on X11) or `sudo apt-get install wl-clipboard` (on Wayland) to install a copy/paste mechanism.
2025-10-05 21:54:36,740 [ERROR] Fatal error: 'InstalledAppFlow' object has no attribute 'run_console'
2025-10-05 21:57:22,415 [WARNING] Applied processor reduces input query to empty string, all comparisons will have score 0. [Query: '===']
2025-10-05 21:57:22,533 [WARNING] Applied processor reduces input query to empty string, all comparisons will have score 0. [Query: '===']
2025-10-05 21:57:26,842 [WARNING] Applied processor reduces input query to empty string, all comparisons will have score 0. [Query: '===']
2025-10-05 21:57:26,952 [WARNING] Applied processor reduces input query to empty string, all comparisons will have score 0. [Query: '===']
2025-10-05 21:57:28,561 [WARNING] Applied processor reduces input query to empty string, all comparisons will have score 0. [Query: '===']
2025-10-05 21:57:28,673 [WARNING] Applied processor reduces input query to empty string, all comparisons will have score 0. [Query: '===']
2025-10-05 21:57:28,808 [WARNING] Applied processor reduces input query to empty string, all comparisons will have score 0. [Query: '-']
2025-10-05 21:57:31,220 [WARNING] Applied processor reduces input query to empty string, all comparisons will have score 0. [Query: '→']
2025-10-05 21:57:31,400 [WARNING] Applied processor reduces input query to empty string, all comparisons will have score 0. [Query: '-']
2025-10-05 21:57:33,752 [WARNING] Applied processor reduces input query to empty string, all comparisons will have score 0. [Query: '→']
2025-10-05 21:57:33,893 [WARNING] Applied processor reduces input query to empty string, all comparisons will have score 0. [Query: '-']
2025-10-05 21:57:35,350 [WARNING] Applied processor reduces input query to empty string, all comparisons will have score 0. [Query: '→']
2025-10-05 21:57:35,466 [WARNING] Applied processor reduces input query to empty string, all comparisons will have score 0. [Query: '-']
2025-10-05 21:57:37,140 [WARNING] Applied processor reduces input query to empty string, all comparisons will have score 0. [Query: '→']
2025-10-05 21:57:37,268 [WARNING] Applied processor reduces input query to empty string, all comparisons will have score 0. [Query: '-']
2025-10-05 21:57:40,127 [WARNING] Applied processor reduces input query to empty string, all comparisons will have score 0. [Query: '→']
2025-10-05 21:57:40,240 [WARNING] Applied processor reduces input query to empty string, all comparisons will have score 0. [Query: '-']
2025-10-05 21:57:41,524 [WARNING] Applied processor reduces input query to empty string, all comparisons will have score 0. [Query: '→']
2025-10-05 21:57:41,643 [WARNING] Applied processor reduces input query to empty string, all comparisons will have score 0. [Query: '-']
2025-10-05 21:57:43,064 [WARNING] Applied processor reduces input query to empty string, all comparisons will have score 0. [Query: '→']
2025-10-05 21:57:44,967 [WARNING] Applied processor reduces input query to empty string, all comparisons will have score 0. [Query: '===']
2025-10-05 21:57:45,077 [WARNING] Applied processor reduces input query to empty string, all comparisons will have score 0. [Query: '===']
2025-10-05 21:57:45,190 [WARNING] Applied processor reduces input query to empty string, all comparisons will have score 0. [Query: '{']
2025-10-05 21:57:55,437 [WARNING] Applied processor reduces input query to empty string, all comparisons will have score 0. [Query: '{']
2025-10-05 21:58:07,403 [WARNING] Applied processor reduces input query to empty string, all comparisons will have score 0. [Query: '}']
2025-10-05 21:58:07,528 [WARNING] Applied processor reduces input query to empty string, all comparisons will have score 0. [Query: '}']
2025-10-05 21:58:07,660 [ERROR] Clipboard copy failed: Pyperclip could not find a copy/paste mechanism for your system. For more information, please visit https://pyperclip.readthedocs.io/en/latest/index.html#not-implemented-error
On Linux, you can run `sudo apt-get install xclip`, `sudo apt-get install xselect` (on X11) or `sudo apt-get install wl-clipboard` (on Wayland) to install a copy/paste mechanism.
2025-10-05 22:02:01,925 [WARNING] Applied processor reduces input query to empty string, all comparisons will have score 0. [Query: '===']
2025-10-05 22:02:02,042 [WARNING] Applied processor reduces input query to empty string, all comparisons will have score 0. [Query: '===']
2025-10-05 22:02:06,339 [WARNING] Applied processor reduces input query to empty string, all comparisons will have score 0. [Query: '===']
2025-10-05 22:02:06,455 [WARNING] Applied processor reduces input query to empty string, all comparisons will have score 0. [Query: '===']
2025-10-05 22:02:08,109 [WARNING] Applied processor reduces input query to empty string, all comparisons will have score 0. [Query: '===']
2025-10-05 22:02:08,226 [WARNING] Applied processor reduces input query to empty string, all comparisons will have score 0. [Query: '===']
2025-10-05 22:02:08,366 [WARNING] Applied processor reduces input query to empty string, all comparisons will have score 0. [Query: '-']
2025-10-05 22:02:10,810 [WARNING] Applied processor reduces input query to empty string, all comparisons will have score 0. [Query: '→']
2025-10-05 22:02:10,924 [WARNING] Applied processor reduces input query to empty string, all comparisons will have score 0. [Query: '-']
2025-10-05 22:02:13,269 [WARNING] Applied processor reduces input query to empty string, all comparisons will have score 0. [Query: '→']
2025-10-05 22:02:13,385 [WARNING] Applied processor reduces input query to empty string, all comparisons will have score 0. [Query: '-']
2025-10-05 22:02:14,910 [WARNING] Applied processor reduces input query to empty string, all comparisons will have score 0. [Query: '→']
2025-10-05 22:02:15,025 [WARNING] Applied processor reduces input query to empty string, all comparisons will have score 0. [Query: '-']
2025-10-05 22:02:16,598 [WARNING] Applied processor reduces input query to empty string, all comparisons will have score 0. [Query: '→']
2025-10-05 22:02:16,735 [WARNING] Applied processor reduces input query to empty string, all comparisons will have score 0. [Query: '-']
2025-10-05 22:02:19,703 [WARNING] Applied processor reduces input query to empty string, all comparisons will have score 0. [Query: '→']
2025-10-05 22:02:19,820 [WARNING] Applied processor reduces input query to empty string, all comparisons will have score 0. [Query: '-']
2025-10-05 22:02:21,004 [WARNING] Applied processor reduces input query to empty string, all comparisons will have score 0. [Query: '→']
2025-10-05 22:02:21,158 [WARNING] Applied processor reduces input query to empty string, all comparisons will have score 0. [Query: '-']
2025-10-05 22:02:22,547 [WARNING] Applied processor reduces input query to empty string, all comparisons will have score 0. [Query: '→']
2025-10-05 22:02:24,720 [WARNING] Applied processor reduces input query to empty string, all comparisons will have score 0. [Query: '===']
2025-10-05 22:02:24,830 [WARNING] Applied processor reduces input query to empty string, all comparisons will have score 0. [Query: '===']
2025-10-05 22:02:24,967 [WARNING] Applied processor reduces input query to empty string, all comparisons will have score 0. [Query: '{']
2025-10-05 22:02:35,507 [WARNING] Applied processor reduces input query to empty string, all comparisons will have score 0. [Query: '{']
2025-10-05 22:02:47,903 [WARNING] Applied processor reduces input query to empty string, all comparisons will have score 0. [Query: '}']
2025-10-05 22:02:48,049 [WARNING] Applied processor reduces input query to empty string, all comparisons will have score 0. [Query: '}']
2025-10-05 22:02:48,181 [ERROR] Clipboard copy failed: Pyperclip could not find a copy/paste mechanism for your system. For more information, please visit https://pyperclip.readthedocs.io/en/latest/index.html#not-implemented-error
On Linux, you can run `sudo apt-get install xclip`, `sudo apt-get install xselect` (on X11) or `sudo apt-get install wl-clipboard` (on Wayland) to install a copy/paste mechanism.
2025-10-05 22:02:48,289 [ERROR] Fatal error: 'InstalledAppFlow' object has no attribute 'run_console'
2025-10-05 22:36:50,667 [ERROR] Clipboard copy failed: Pyperclip could not find a copy/paste mechanism for your system. For more information, please visit https://pyperclip.readthedocs.io/en/latest/index.html#not-implemented-error
On Linux, you can run `sudo apt-get install xclip`, `sudo apt-get install xselect` (on X11) or `sudo apt-get install wl-clipboard` (on Wayland) to install a copy/paste mechanism.
2025-10-05 23:00:05,447 [ERROR] Clipboard copy failed: Pyperclip could not find a copy/paste mechanism for your system. For more information, please visit https://pyperclip.readthedocs.io/en/latest/index.html#not-implemented-error
On Linux, you can run `sudo apt-get install xclip`, `sudo apt-get install xselect` (on X11) or `sudo apt-get install wl-clipboard` (on Wayland) to install a copy/paste mechanism.
2025-10-05 23:08:55,665 [ERROR] Clipboard copy failed: Pyperclip could not find a copy/paste mechanism for your system. For more information, please visit https://pyperclip.readthedocs.io/en/latest/index.html#not-implemented-error
On Linux, you can run `sudo apt-get install xclip`, `sudo apt-get install xselect` (on X11) or `sudo apt-get install wl-clipboard` (on Wayland) to install a copy/paste mechanism.
